[2013-03-25 10:37:32] START
[2013-03-25 10:38:00] EDIT hellow/controllers/default.py: 0
[2013-03-25 10:38:30] EDIT hellow/controllers/default.py: 0
[2013-03-25 10:39:41] CREATE slot.py: 0
[2013-03-25 10:39:48] EDIT hellow/controllers/slot.py: 0
[2013-03-25 10:40:30] CREATE slot.py: 0
[2013-03-25 10:40:35] EDIT hellow/models/slot.py: 0
[2013-03-25 10:47:50] EDIT hellow/models/slot.py: 25
[2013-03-25 10:49:28] EDIT hellow/models/slot.py: -1
[2013-03-25 10:49:51] EDIT hellow/models/slot.py: 0
[2013-03-25 10:50:48] EDIT hellow/models/slot.py: 0
[2013-03-25 10:53:59] EDIT hellow/models/slot.py: 0
[2013-03-25 10:56:56] DELETE hellow/models/slot.py: -24
[2013-03-25 11:01:14] CREATE slot.py: 0
[2013-03-25 11:01:18] EDIT hellow/models/slot.py: 2
[2013-03-25 11:02:03] EDIT hellow/models/slot.py: 1
[2013-03-25 11:02:14] EDIT hellow/models/slot.py: 0
[2013-03-25 11:04:51] EDIT hellow/models/slot.py: 1
[2013-03-25 11:05:09] EDIT hellow/models/slot.py: 0
[2013-03-25 11:15:03] EDIT hellow/controllers/slot.py: 3
[2013-03-25 11:15:27] EDIT hellow/controllers/slot.py: 0
[2013-03-25 11:16:01] EDIT hellow/controllers/slot.py: 0
[2013-03-25 11:17:00] EDIT hellow/controllers/slot.py: 0
[2013-03-25 11:21:25] EDIT hellow/controllers/slot.py: 0
[2013-03-25 11:22:23] EDIT hellow/controllers/slot.py: 1
[2013-03-25 11:23:00] EDIT hellow/controllers/slot.py: 0
[2013-03-25 11:24:26] EDIT hellow/controllers/slot.py: 0
[2013-03-25 12:08:27] EDIT hellow/controllers/slot.py: 5
[2013-03-25 12:08:32] EDIT hellow/controllers/slot.py: 0
[2013-03-25 12:08:53] EDIT hellow/controllers/slot.py: 0
[2013-03-25 12:10:06] EDIT hellow/controllers/slot.py: 0
[2013-03-25 12:10:25] EDIT hellow/controllers/slot.py: 0
[2013-03-25 12:10:42] EDIT hellow/controllers/slot.py: 0
[2013-03-25 12:13:54] EDIT hellow/controllers/slot.py: -4
[2013-03-25 12:14:14] EDIT hellow/controllers/slot.py: 0
[2013-03-25 12:14:32] EDIT hellow/controllers/slot.py: -1
[2013-03-25 12:20:39] EDIT hellow/controllers/slot.py: 0
[2013-03-25 12:20:47] EDIT hellow/controllers/slot.py: 0
[2013-03-25 12:22:52] EDIT hellow/controllers/slot.py: 5
[2013-03-25 12:23:51] EDIT hellow/controllers/slot.py: 0
[2013-03-25 12:24:03] EDIT hellow/controllers/slot.py: 0
[2013-03-25 12:38:30] EDIT hellow/controllers/slot.py: 0
[2013-03-25 12:38:58] EDIT hellow/controllers/slot.py: 0
[2013-03-25 12:39:34] EDIT hellow/controllers/slot.py: 0
[2013-03-25 12:40:44] CREATE game.py: 0
[2013-03-25 12:44:14] EDIT hellow/models/game.py: 5
[2013-03-25 12:44:35] CREATE user.py: 0
[2013-03-25 12:44:52] EDIT hellow/models/user.py: 4
[2013-03-25 12:45:35] EDIT hellow/models/user.py: 0
[2013-03-25 12:48:07] EDIT hellow/models/game.py: -1
[2013-03-25 12:48:14] EDIT hellow/models/slot.py: -1
[2013-03-25 12:48:19] EDIT hellow/models/user.py: -1
[2013-03-25 12:49:41] EDIT hellow/models/slot.py: 0
[2013-03-25 12:50:41] EDIT hellow/controllers/slot.py: 0
[2013-03-25 12:53:25] EDIT hellow/models/game.py: -1
[2013-03-25 12:54:07] DELETE hellow/models/user.py: -3
[2013-03-25 12:54:33] EDIT hellow/models/game.py: 0
[2013-03-25 12:55:20] EDIT hellow/models/game.py: 0
[2013-03-25 12:56:36] EDIT hellow/models/game.py: 1
[2013-03-25 12:57:30] EDIT hellow/models/game.py: 0
[2013-03-25 12:59:35] EDIT hellow/models/game.py: -1
[2013-03-25 13:00:24] CREATE game_slots.py: 0
[2013-03-25 13:01:15] EDIT hellow/models/game_slots.py: 3
[2013-03-25 13:04:05] CREATE game.py: 0
[2013-03-25 13:04:23] EDIT hellow/controllers/game.py: 1
[2013-03-25 13:10:18] EDIT hellow/controllers/game.py: 3
[2013-03-25 13:11:34] EDIT hellow/controllers/game.py: 0
[2013-03-25 13:12:24] EDIT hellow/controllers/game.py: 0
[2013-03-25 13:13:33] EDIT hellow/controllers/game.py: 0
[2013-03-25 13:20:03] EDIT hellow/controllers/game.py: 0
[2013-03-25 13:21:44] EDIT hellow/controllers/game.py: -1
[2013-03-25 13:22:46] EDIT hellow/controllers/game.py: 0
[2013-03-25 13:23:24] EDIT hellow/controllers/game.py: 0
[2013-03-25 13:23:42] EDIT hellow/controllers/game.py: 0
[2013-03-25 13:24:06] EDIT hellow/controllers/game.py: 0
[2013-03-25 13:24:52] EDIT hellow/controllers/game.py: 0
[2013-03-25 13:25:09] EDIT hellow/controllers/game.py: 0
[2013-03-25 13:29:45] EDIT hellow/controllers/game.py: 0
[2013-03-25 13:30:13] EDIT hellow/controllers/game.py: 0
[2013-03-25 13:30:22] EDIT hellow/controllers/game.py: 0
[2013-03-25 13:31:15] EDIT hellow/controllers/game.py: 0
[2013-03-25 13:32:45] EDIT hellow/controllers/game.py: 0
[2013-03-25 13:33:26] EDIT hellow/controllers/game.py: 0
[2013-03-25 13:33:53] CREATE game.html: 0
[2013-03-25 13:33:59] EDIT hellow/views/game.html: 0
[2013-03-25 13:35:18] EDIT hellow/views/game.html: 4
[2013-03-25 13:35:51] DELETE hellow/views/game.html: -7
[2013-03-25 13:36:34] EDIT hellow/controllers/game.py: 1
[2013-03-25 13:38:32] EDIT hellow/controllers/game.py: 1
[2013-03-25 13:39:12] EDIT hellow/controllers/game.py: 0
[2013-03-25 13:40:22] EDIT hellow/controllers/game.py: 0
[2013-03-25 15:26:16] EDIT hellow/controllers/game.py: 0
[2013-03-25 15:26:23] EDIT hellow/controllers/game.py: -1
[2013-03-25 16:00:35] EDIT hellow/controllers/game.py: 1
[2013-03-25 16:01:43] CREATE game.py: 0
[2013-03-25 16:02:10] DELETE hellow/views/game.py: 0
[2013-03-25 16:02:17] CREATE game.html: 0
[2013-03-25 16:02:23] EDIT hellow/views/game.html: 0
[2013-03-25 16:08:41] EDIT hellow/views/game.html: 0
[2013-03-25 16:08:53] CREATE show.html: 0
[2013-03-25 16:09:00] EDIT hellow/views/show.html: 0
[2013-03-25 20:11:08] DELETE hellow/views/show.html: -3
[2013-03-25 20:11:22] CREATE default/show.html: 0
[2013-03-25 20:12:05] DELETE hellow/views/default/show.html: -3
[2013-03-25 20:12:15] CREATE gane/show.html: 0
[2013-03-25 20:12:27] DELETE hellow/views/gane/show.html: -3
[2013-03-25 20:12:38] CREATE game/show.html: 0
[2013-03-25 20:18:25] EDIT hellow/views/game/show.html: 1
[2013-03-25 20:27:05] EDIT hellow/controllers/game.py: 0
[2013-03-25 20:27:39] EDIT hellow/views/game/show.html: 0
[2013-03-25 20:28:09] EDIT hellow/controllers/game.py: 0
[2013-03-25 20:30:32] EDIT hellow/views/game/show.html: -1
[2013-03-25 20:32:41] EDIT hellow/controllers/game.py: 1
[2013-03-25 20:34:16] EDIT hellow/controllers/game.py: 0
[2013-03-25 20:34:31] EDIT hellow/controllers/game.py: 0
[2013-03-25 20:34:50] EDIT hellow/controllers/game.py: 0
[2013-03-25 20:36:16] EDIT hellow/views/game/show.html: 0
[2013-03-25 20:40:00] EDIT hellow/controllers/game.py: 0
[2013-03-25 20:40:06] EDIT hellow/views/game/show.html: 0
[2013-03-25 20:41:08] EDIT hellow/controllers/game.py: 0
[2013-03-25 20:41:36] EDIT hellow/controllers/game.py: 0
[2013-03-25 20:42:13] EDIT hellow/controllers/game.py: 1
[2013-03-25 20:42:36] EDIT hellow/controllers/game.py: 0
[2013-03-26 12:52:41] EDIT hellow/controllers/game.py: 0
[2013-03-26 12:52:48] EDIT hellow/controllers/game.py: 0
[2013-03-26 12:53:51] EDIT hellow/controllers/game.py: 0
[2013-03-26 12:53:57] EDIT hellow/views/game/show.html: -1
[2013-03-26 12:55:28] EDIT hellow/controllers/slot.py: 2
[2013-03-26 12:56:22] CREATE slot/index.html: 0
[2013-03-26 14:09:12] EDIT hellow/controllers/game.py: 0
[2013-03-26 14:09:19] EDIT hellow/controllers/game.py: 0
[2013-03-26 14:09:30] EDIT hellow/controllers/game.py: 0
[2013-03-26 14:09:44] EDIT hellow/controllers/game.py: 0
[2013-03-26 14:11:23] EDIT hellow/controllers/game.py: 0
[2013-03-26 14:11:51] EDIT hellow/controllers/game.py: 0
[2013-03-26 14:12:02] EDIT hellow/controllers/game.py: 0
[2013-03-26 14:19:19] EDIT hellow/views/game/show.html: 1
[2013-03-26 14:19:38] EDIT hellow/views/game/show.html: 1
[2013-03-26 14:20:31] EDIT hellow/views/game/show.html: -2
[2013-03-26 14:20:54] EDIT hellow/views/game/show.html: -1
[2013-03-26 14:21:36] EDIT hellow/controllers/game.py: 0
[2013-03-26 14:21:45] EDIT hellow/views/game/show.html: 0
[2013-03-26 14:22:20] EDIT hellow/controllers/game.py: 0
[2013-03-26 14:23:32] EDIT hellow/views/game/show.html: 5
[2013-03-26 14:24:18] EDIT hellow/controllers/game.py: 0
[2013-03-26 14:24:25] EDIT hellow/views/game/show.html: 0
[2013-03-26 14:25:05] EDIT hellow/controllers/game.py: 0
[2013-03-26 14:25:21] EDIT hellow/views/game/show.html: 1
[2013-03-26 14:26:10] EDIT hellow/controllers/game.py: 0
[2013-03-26 14:26:23] EDIT hellow/controllers/game.py: 0
[2013-03-26 14:28:43] EDIT hellow/controllers/game.py: 0
[2013-03-26 14:29:41] EDIT hellow/controllers/game.py: 0
[2013-03-26 14:35:23] EDIT hellow/controllers/game.py: 2
[2013-03-26 14:36:12] EDIT hellow/controllers/game.py: 1
[2013-03-26 14:36:52] EDIT hellow/views/game/show.html: 1
[2013-03-26 14:37:49] EDIT hellow/controllers/game.py: 0
[2013-03-26 14:38:05] EDIT hellow/views/game/show.html: -1
[2013-03-26 14:39:07] EDIT hellow/views/game/show.html: 4
[2013-03-26 14:39:31] EDIT hellow/controllers/game.py: -2
[2013-03-26 14:41:28] EDIT hellow/controllers/game.py: 8
[2013-03-26 14:41:29] EDIT hellow/controllers/game.py: 0
[2013-03-26 14:42:19] EDIT hellow/controllers/game.py: 2
[2013-03-26 14:42:23] EDIT hellow/controllers/game.py: 0
[2013-03-26 14:43:03] EDIT hellow/controllers/game.py: 1
[2013-03-26 14:51:25] EDIT hellow/views/game/show.html: 2
[2013-03-26 14:58:25] EDIT hellow/controllers/game.py: 1
[2013-03-26 14:58:40] EDIT hellow/controllers/game.py: 0
[2013-03-26 14:58:41] EDIT hellow/controllers/game.py: 0
[2013-03-26 14:58:49] EDIT hellow/controllers/game.py: 0
[2013-03-26 14:58:51] EDIT hellow/controllers/game.py: 0
[2013-03-26 14:58:51] EDIT hellow/controllers/game.py: 0
[2013-03-26 14:59:08] EDIT hellow/controllers/game.py: 0
[2013-03-26 14:59:56] EDIT hellow/controllers/game.py: 0
[2013-03-26 15:01:10] EDIT hellow/controllers/game.py: 0
[2013-03-26 15:01:30] EDIT hellow/controllers/game.py: 0
[2013-03-26 15:01:46] EDIT hellow/controllers/game.py: 0
[2013-03-26 15:02:11] EDIT hellow/controllers/game.py: 0
[2013-03-26 15:02:21] EDIT hellow/controllers/game.py: 0
[2013-03-26 15:02:36] EDIT hellow/controllers/game.py: 0
[2013-03-26 15:03:02] EDIT hellow/controllers/game.py: 0
[2013-03-26 15:05:12] EDIT hellow/controllers/game.py: 1
[2013-03-26 15:05:18] EDIT hellow/controllers/game.py: 0
[2013-03-26 15:05:20] EDIT hellow/controllers/game.py: 0
[2013-03-26 15:05:21] EDIT hellow/controllers/game.py: 0
[2013-03-26 15:06:02] EDIT hellow/controllers/game.py: 0
[2013-03-26 15:06:37] EDIT hellow/controllers/game.py: 0
[2013-03-26 15:07:33] EDIT hellow/controllers/game.py: 0
[2013-03-26 15:08:09] EDIT hellow/controllers/game.py: -1
[2013-03-26 15:08:21] EDIT hellow/controllers/game.py: -1
[2013-03-26 15:13:45] EDIT hellow/views/game/show.html: 3
[2013-03-26 15:14:26] EDIT hellow/views/game/show.html: 1
[2013-03-26 15:17:48] EDIT hellow/views/game/show.html: -1
[2013-03-26 15:19:58] EDIT hellow/views/game/show.html: 0
[2013-03-26 15:20:34] EDIT hellow/views/game/show.html: 0
[2013-03-26 15:21:07] EDIT hellow/views/game/show.html: 0
[2013-03-26 15:21:49] EDIT hellow/views/game/show.html: 0
[2013-03-26 15:22:27] EDIT hellow/views/game/show.html: 0
[2013-03-26 15:22:59] EDIT hellow/views/game/show.html: 0
[2013-03-26 15:23:04] EDIT hellow/views/game/show.html: 0
[2013-03-26 15:23:19] EDIT hellow/views/game/show.html: 0
[2013-03-26 15:27:04] EDIT hellow/views/game/show.html: 1
[2013-03-26 15:27:45] EDIT hellow/views/game/show.html: 0
[2013-03-26 15:42:45] EDIT hellow/controllers/game.py: 1
[2013-03-26 15:43:08] CREATE user_action.py: 0
[2013-03-26 15:46:18] EDIT hellow/models/user_action.py: 6
[2013-03-26 15:46:27] EDIT hellow/models/user_action.py: 0
[2013-03-26 15:47:06] EDIT hellow/models/user_action.py: 0
[2013-03-26 15:48:07] EDIT hellow/models/user_action.py: 1
[2013-03-26 15:51:41] EDIT hellow/models/game.py: 0
[2013-03-26 15:52:57] EDIT hellow/models/game.py: 0
[2013-03-26 15:53:33] EDIT hellow/models/game_slots.py: 0
[2013-03-26 15:54:01] EDIT hellow/models/game_slots.py: 0
[2013-03-26 15:54:11] EDIT hellow/models/game_slots.py: 0
[2013-03-26 15:55:45] EDIT hellow/views/game/show.html: 1
[2013-03-26 15:56:16] EDIT hellow/controllers/game.py: -3
[2013-03-26 15:56:23] EDIT hellow/controllers/game.py: 0
[2013-03-26 15:56:54] EDIT hellow/controllers/game.py: 0
[2013-03-26 15:57:20] EDIT hellow/controllers/game.py: 0
[2013-03-26 16:02:04] EDIT hellow/models/user_action.py: 1
[2013-03-26 16:02:34] EDIT hellow/models/user_action.py: -1
[2013-03-26 16:03:20] EDIT hellow/models/user_action.py: 0
[2013-03-26 16:06:00] EDIT hellow/models/user_action.py: 0
[2013-03-26 16:06:31] EDIT hellow/controllers/game.py: 1
[2013-03-26 16:06:36] EDIT hellow/controllers/game.py: 0
[2013-03-26 16:06:48] EDIT hellow/controllers/game.py: 0
[2013-03-26 16:10:12] EDIT hellow/controllers/game.py: 0
[2013-03-26 16:21:06] EDIT hellow/controllers/game.py: 0
[2013-03-26 16:21:10] EDIT hellow/controllers/game.py: 0
[2013-03-26 16:21:29] EDIT hellow/controllers/game.py: 0
[2013-03-26 16:21:31] EDIT hellow/controllers/game.py: 0
[2013-03-26 16:23:37] EDIT hellow/views/game/show.html: 1
[2013-03-27 09:47:02] EDIT hellow/controllers/game.py: 0
[2013-03-27 09:47:51] EDIT hellow/views/game/show.html: 0
[2013-03-27 10:11:37] EDIT hellow/views/game/show.html: -1
[2013-03-27 10:29:56] EDIT hellow/models/user_action.py: 0
[2013-03-27 10:31:07] EDIT hellow/controllers/game.py: 0
[2013-03-27 10:31:26] EDIT hellow/controllers/game.py: 0
[2013-03-27 10:31:36] EDIT hellow/controllers/game.py: 0
[2013-03-27 10:31:41] EDIT hellow/controllers/game.py: 0
[2013-03-27 10:32:06] EDIT hellow/controllers/game.py: 0
[2013-03-27 10:32:20] EDIT hellow/controllers/game.py: 0
[2013-03-27 10:32:25] EDIT hellow/controllers/game.py: 0
[2013-03-27 10:32:54] EDIT hellow/controllers/game.py: 0
[2013-03-27 10:32:56] EDIT hellow/controllers/game.py: 0
[2013-03-27 10:32:56] EDIT hellow/controllers/game.py: 0
[2013-03-27 10:33:03] EDIT hellow/controllers/game.py: 0
[2013-03-27 10:33:27] EDIT hellow/controllers/game.py: 0
[2013-03-27 10:33:30] EDIT hellow/controllers/game.py: 0
[2013-03-27 10:33:45] EDIT hellow/controllers/game.py: 0
[2013-03-27 10:34:01] EDIT hellow/controllers/game.py: 0
[2013-03-27 10:34:07] EDIT hellow/controllers/game.py: 0
[2013-03-27 10:36:16] EDIT hellow/controllers/game.py: 0
[2013-03-27 10:36:35] EDIT hellow/controllers/game.py: 0
[2013-03-27 10:36:59] EDIT hellow/controllers/game.py: 0
[2013-03-27 10:37:14] EDIT hellow/controllers/game.py: 0
[2013-03-27 10:37:42] EDIT hellow/controllers/game.py: 0
[2013-03-27 10:47:03] EDIT hellow/controllers/game.py: 11
[2013-03-27 10:49:29] EDIT hellow/controllers/game.py: 0
[2013-03-27 10:49:42] EDIT hellow/controllers/game.py: 0
[2013-03-27 10:49:54] EDIT hellow/controllers/game.py: 0
[2013-03-27 10:50:08] EDIT hellow/views/game/show.html: 1
[2013-03-27 10:50:37] EDIT hellow/controllers/game.py: 1
[2013-03-27 10:50:39] EDIT hellow/controllers/game.py: 0
[2013-03-27 10:51:30] EDIT hellow/controllers/game.py: -2
[2013-03-27 10:52:09] EDIT hellow/views/game/show.html: 0
[2013-03-27 10:55:35] EDIT hellow/controllers/game.py: 0
[2013-03-27 10:55:47] EDIT hellow/controllers/game.py: 0
[2013-03-27 10:56:21] EDIT hellow/controllers/game.py: 0
[2013-03-27 10:57:05] EDIT hellow/views/game/show.html: 0
[2013-03-27 10:58:29] EDIT hellow/models/slot.py: 0
[2013-03-27 10:58:35] EDIT hellow/models/slot.py: 0
[2013-03-27 10:59:32] EDIT hellow/models/slot.py: 0
[2013-03-27 11:01:52] EDIT hellow/models/slot.py: 0
[2013-03-27 11:03:42] EDIT hellow/controllers/game.py: 0
[2013-03-27 11:03:49] EDIT hellow/controllers/game.py: 0
[2013-03-27 11:10:37] EDIT hellow/controllers/game.py: 0
[2013-03-27 11:11:11] EDIT hellow/controllers/game.py: 0
[2013-03-27 11:12:12] EDIT hellow/controllers/game.py: 0
[2013-03-27 11:12:30] EDIT hellow/controllers/game.py: 0
[2013-03-27 11:16:51] EDIT hellow/controllers/game.py: 1
[2013-03-27 11:16:53] EDIT hellow/controllers/game.py: 0
[2013-03-27 11:16:54] EDIT hellow/controllers/game.py: 0
[2013-03-27 11:17:10] EDIT hellow/controllers/game.py: -1
[2013-03-27 11:17:12] EDIT hellow/controllers/game.py: 0
[2013-03-27 11:17:40] EDIT hellow/controllers/game.py: 0
[2013-03-27 11:17:47] EDIT hellow/controllers/game.py: 0
[2013-03-27 11:17:59] EDIT hellow/controllers/game.py: 0
[2013-03-27 11:18:32] EDIT hellow/controllers/game.py: 0
[2013-03-27 11:19:17] EDIT hellow/controllers/game.py: 0
[2013-03-27 11:27:22] EDIT hellow/controllers/game.py: 0
[2013-03-27 11:27:24] EDIT hellow/controllers/game.py: 0
[2013-03-27 11:27:26] EDIT hellow/controllers/game.py: 0
[2013-03-27 12:06:54] EDIT hellow/controllers/game.py: 0
[2013-03-27 12:09:14] EDIT hellow/controllers/game.py: 0
[2013-03-27 12:39:59] EDIT hellow/controllers/game.py: 1
[2013-03-27 12:40:01] EDIT hellow/controllers/game.py: 0
[2013-03-27 12:40:28] EDIT hellow/controllers/game.py: 0
[2013-03-27 12:43:11] EDIT hellow/controllers/game.py: 0
[2013-03-27 12:44:01] EDIT hellow/controllers/game.py: 0
[2013-03-27 12:44:03] EDIT hellow/controllers/game.py: 0
[2013-03-27 12:44:05] EDIT hellow/controllers/game.py: 0
[2013-03-27 12:49:20] EDIT hellow/controllers/game.py: 0
[2013-03-27 12:49:28] EDIT hellow/controllers/game.py: 0
[2013-03-27 12:49:57] EDIT hellow/controllers/game.py: 0
[2013-03-27 12:50:00] EDIT hellow/controllers/game.py: 0
[2013-03-27 12:50:34] EDIT hellow/controllers/game.py: 0
[2013-03-27 12:57:17] EDIT hellow/controllers/game.py: 0
[2013-03-27 12:57:19] EDIT hellow/controllers/game.py: 0
[2013-03-27 12:58:00] EDIT hellow/controllers/game.py: 0
[2013-03-27 13:00:24] EDIT hellow/controllers/game.py: 0
[2013-03-27 13:00:39] EDIT hellow/controllers/game.py: 0
[2013-03-27 13:06:42] EDIT hellow/controllers/game.py: 0
[2013-03-27 13:06:51] EDIT hellow/controllers/game.py: 0
[2013-03-27 13:12:24] EDIT hellow/controllers/game.py: 0
[2013-03-27 13:52:47] EDIT hellow/views/game/show.html: 1
[2013-03-27 13:52:50] EDIT hellow/controllers/game.py: 1
[2013-03-27 13:53:22] EDIT hellow/controllers/game.py: 0
[2013-03-27 13:53:38] EDIT hellow/controllers/game.py: 0
[2013-03-27 13:54:06] EDIT hellow/controllers/game.py: -1
[2013-03-27 13:54:10] EDIT hellow/views/game/show.html: -1
[2013-03-27 13:55:57] EDIT hellow/views/game/show.html: 1
[2013-03-27 13:56:30] EDIT hellow/views/game/show.html: 0
[2013-03-27 14:04:21] EDIT hellow/controllers/game.py: 5
[2013-03-27 14:05:15] EDIT hellow/controllers/game.py: 0
[2013-03-27 14:05:46] EDIT hellow/controllers/game.py: 0
[2013-03-27 14:10:42] EDIT hellow/controllers/game.py: 0
[2013-03-27 14:12:19] EDIT hellow/controllers/game.py: 0
[2013-03-27 14:12:39] EDIT hellow/controllers/game.py: 0
[2013-03-27 14:13:08] EDIT hellow/controllers/game.py: 0
[2013-03-27 14:13:11] EDIT hellow/controllers/game.py: 0
[2013-03-27 14:13:26] EDIT hellow/controllers/game.py: 0
[2013-03-27 14:13:57] EDIT hellow/controllers/game.py: 0
[2013-03-27 14:14:05] EDIT hellow/views/game/show.html: -1
[2013-03-27 14:14:07] EDIT hellow/controllers/game.py: 0
[2013-03-27 14:15:56] EDIT hellow/controllers/game.py: -10
[2013-03-27 15:43:30] EDIT hellow/controllers/game.py: 0
[2013-03-27 15:43:32] EDIT hellow/controllers/game.py: 0
[2013-03-27 15:51:36] EDIT hellow/controllers/game.py: 1
[2013-03-27 15:51:40] EDIT hellow/controllers/game.py: 0
[2013-03-27 15:51:50] EDIT hellow/controllers/game.py: 0
[2013-03-27 15:52:09] EDIT hellow/controllers/game.py: 0
[2013-03-27 15:52:41] EDIT hellow/controllers/game.py: 0
[2013-03-27 15:53:02] EDIT hellow/controllers/game.py: 0
[2013-03-27 15:53:23] EDIT hellow/views/game/show.html: 0
[2013-03-27 15:53:50] EDIT hellow/views/game/show.html: -6
[2013-03-27 15:54:30] EDIT hellow/controllers/game.py: 0
[2013-03-27 15:54:31] EDIT hellow/controllers/game.py: 0
[2013-03-27 15:56:10] EDIT hellow/controllers/game.py: 0
[2013-03-27 15:56:12] EDIT hellow/controllers/game.py: 0
[2013-03-27 15:56:12] EDIT hellow/controllers/game.py: 0
[2013-03-27 15:57:34] EDIT hellow/views/game/show.html: 0
[2013-03-27 15:57:42] EDIT hellow/controllers/game.py: 0
[2013-03-27 15:59:24] EDIT hellow/views/game/show.html: 1
[2013-03-27 16:01:38] EDIT hellow/controllers/game.py: 0
[2013-03-27 16:01:39] EDIT hellow/controllers/game.py: 0
[2013-03-27 16:02:28] EDIT hellow/controllers/game.py: 0
[2013-03-27 16:03:14] EDIT hellow/controllers/game.py: 1
[2013-03-27 16:03:21] EDIT hellow/controllers/game.py: 0
[2013-03-27 16:03:50] EDIT hellow/controllers/game.py: 0
[2013-03-27 16:05:51] EDIT hellow/controllers/game.py: 0
[2013-03-27 16:05:52] EDIT hellow/controllers/game.py: 0
[2013-03-27 16:06:45] EDIT hellow/controllers/game.py: 0
[2013-03-27 16:10:14] EDIT hellow/controllers/game.py: 1
[2013-03-27 16:10:15] EDIT hellow/controllers/game.py: 0
[2013-03-27 16:10:16] EDIT hellow/controllers/game.py: 0
[2013-03-27 16:11:56] EDIT hellow/controllers/game.py: 0
[2013-03-27 16:11:58] EDIT hellow/controllers/game.py: 0
[2013-03-27 16:33:43] EDIT hellow/controllers/game.py: 1
[2013-03-27 16:33:45] EDIT hellow/controllers/game.py: 0
[2013-03-27 16:33:47] EDIT hellow/controllers/game.py: 0
[2013-03-27 16:34:24] EDIT hellow/controllers/game.py: 0
[2013-03-28 10:49:49] EDIT hellow/controllers/game.py: 0
[2013-03-28 10:50:37] EDIT hellow/controllers/game.py: 0
[2013-03-28 10:52:56] EDIT hellow/controllers/game.py: 0
[2013-03-28 10:54:10] EDIT hellow/controllers/game.py: 0
[2013-03-28 10:54:29] EDIT hellow/controllers/game.py: 0
[2013-03-28 11:11:43] EDIT hellow/controllers/game.py: 0
[2013-03-28 11:11:45] EDIT hellow/controllers/game.py: 0
[2013-03-28 11:13:09] EDIT hellow/controllers/game.py: 0
[2013-03-28 11:14:15] EDIT hellow/controllers/game.py: 0
[2013-03-28 11:17:29] EDIT hellow/controllers/game.py: 1
[2013-03-28 11:17:44] EDIT hellow/controllers/game.py: 0
[2013-03-28 11:18:34] EDIT hellow/controllers/game.py: -6
[2013-03-28 11:31:41] EDIT hellow/controllers/game.py: -1
[2013-03-28 11:34:19] EDIT hellow/controllers/game.py: 0
[2013-03-28 11:39:59] EDIT hellow/controllers/game.py: 6
[2013-03-28 11:40:02] EDIT hellow/controllers/game.py: 0
[2013-03-28 11:41:16] EDIT hellow/controllers/game.py: 0
[2013-03-28 11:41:42] EDIT hellow/controllers/game.py: 0
[2013-03-28 11:43:37] EDIT hellow/controllers/game.py: 0
[2013-03-28 14:02:13] EDIT hellow/controllers/game.py: 1
[2013-03-28 14:02:35] EDIT hellow/controllers/game.py: 0
[2013-03-28 14:02:38] EDIT hellow/controllers/game.py: 0
[2013-03-28 14:02:39] EDIT hellow/controllers/game.py: 0
[2013-03-28 14:03:44] EDIT hellow/controllers/game.py: 0
[2013-03-28 14:03:45] EDIT hellow/controllers/game.py: 0
[2013-03-28 14:10:46] EDIT hellow/controllers/game.py: 1
[2013-03-28 14:10:49] EDIT hellow/controllers/game.py: 0
[2013-03-28 14:11:47] EDIT hellow/controllers/game.py: 0
[2013-03-28 14:12:28] EDIT hellow/controllers/game.py: 0
[2013-03-28 14:17:12] EDIT hellow/controllers/game.py: 0
[2013-03-28 14:19:36] EDIT hellow/controllers/game.py: 0
[2013-03-28 14:19:53] EDIT hellow/controllers/game.py: 0
[2013-03-28 14:27:52] EDIT hellow/controllers/game.py: 0
[2013-03-28 14:27:56] EDIT hellow/controllers/game.py: 0
[2013-03-28 14:30:00] EDIT hellow/models/user_action.py: 1
[2013-03-28 14:31:17] EDIT hellow/controllers/game.py: 0
[2013-03-28 14:31:18] EDIT hellow/controllers/game.py: 0
[2013-03-28 14:32:21] EDIT hellow/controllers/game.py: 1
[2013-03-28 14:33:54] EDIT hellow/controllers/game.py: 0
[2013-03-28 14:35:17] EDIT hellow/controllers/game.py: 0
[2013-03-28 14:35:18] EDIT hellow/controllers/game.py: 0
[2013-03-28 14:37:20] EDIT hellow/models/user_action.py: 0
[2013-03-28 14:37:58] EDIT hellow/models/user_action.py: 0
[2013-03-28 14:39:06] EDIT hellow/controllers/game.py: 0
[2013-03-28 14:42:50] EDIT hellow/controllers/game.py: 0
[2013-03-28 14:42:52] EDIT hellow/controllers/game.py: 0
[2013-03-28 15:03:14] EDIT hellow/controllers/game.py: 0
[2013-03-28 15:03:15] EDIT hellow/controllers/game.py: 0
[2013-03-28 15:04:08] EDIT hellow/controllers/game.py: 0
[2013-03-28 16:35:22] EDIT hellow/controllers/game.py: 6
[2013-03-28 16:35:50] EDIT hellow/controllers/game.py: 0
[2013-03-28 16:36:34] EDIT hellow/controllers/game.py: -6
[2013-03-29 10:39:29] EDIT hellow/controllers/game.py: 0
[2013-03-29 10:40:55] EDIT hellow/controllers/game.py: 1
[2013-03-29 10:40:55] EDIT hellow/controllers/game.py: 0
[2013-03-29 10:42:19] EDIT hellow/controllers/game.py: 0
[2013-03-29 10:47:59] EDIT hellow/controllers/game.py: 0
[2013-03-29 10:48:01] EDIT hellow/controllers/game.py: 0
[2013-03-29 10:48:32] EDIT hellow/controllers/game.py: 0
[2013-03-29 10:49:00] EDIT hellow/controllers/game.py: -1
[2013-03-29 10:49:04] EDIT hellow/controllers/game.py: 0
[2013-03-29 10:52:21] EDIT hellow/controllers/game.py: 0
[2013-03-29 10:54:20] EDIT hellow/models/user_action.py: 1
[2013-03-29 10:57:02] EDIT hellow/models/user_action.py: 0
[2013-03-29 10:58:40] EDIT hellow/controllers/game.py: 0
[2013-03-29 10:59:24] EDIT hellow/controllers/game.py: 0
[2013-03-29 11:01:39] EDIT hellow/controllers/game.py: 3
[2013-03-29 11:01:57] EDIT hellow/controllers/game.py: 0
[2013-03-29 11:01:58] EDIT hellow/controllers/game.py: 0
[2013-03-29 11:01:59] EDIT hellow/controllers/game.py: 0
[2013-03-29 11:02:28] EDIT hellow/models/user_action.py: 0
[2013-03-29 11:05:39] EDIT hellow/controllers/game.py: 1
[2013-03-29 11:05:57] EDIT hellow/controllers/game.py: 0
[2013-03-29 11:06:29] EDIT hellow/controllers/game.py: 1
